Traceback (most recent call last):
  File "/opt/ros/jazzy/lib/rosidl_generator_type_description/rosidl_generator_type_description", line 21, in <module>
    from rosidl_generator_type_description import generate_type_hash
  File "/opt/ros/jazzy/lib/python3.12/site-packages/rosidl_generator_type_description/__init__.py", line 24, in <module>
    from rosidl_parser.parser import parse_idl_file
  File "/opt/ros/jazzy/lib/python3.12/site-packages/rosidl_parser/parser.py", line 20, in <module>
    from lark import Lark
ModuleNotFoundError: No module named 'lark'
gmake[2]: *** [CMakeFiles/cooperative_localization__rosidl_generator_type_description.dir/build.make:78: rosidl_generator_type_description/cooperative_localization/msg/Measurement.json] Error 1
gmake[1]: *** [CMakeFiles/Makefile2:220: CMakeFiles/cooperative_localization__rosidl_generator_type_description.dir/all] Error 2
gmake[1]: *** Waiting for unfinished jobs....
/home/lorenzo/robotica_ws/src/lorenzo.nobili/cooperative_localization/src/centralized_node.cpp:3:10: fatal error: cooperative_localization/msg/measurement.hpp: No such file or directory
    3 | #include "cooperative_localization/msg/measurement.hpp"
      |          ^~~~~~~~~~~~~~~~~~~~~~~~~~~~~~~~~~~~~~~~~~~~~~
compilation terminated.
gmake[2]: *** [CMakeFiles/coop_localization_node.dir/build.make:79: CMakeFiles/coop_localization_node.dir/src/centralized_node.cpp.o] Error 1
gmake[1]: *** [CMakeFiles/Makefile2:626: CMakeFiles/coop_localization_node.dir/all] Error 2
gmake: *** [Makefile:149: all] Error 2
